<?xml version="1.0" encoding="UTF-8"?>
<!-- Generated by org.testng.reporters.JUnitXMLReporter -->
<testsuite hostname="aa001" ignored="0" name="Test" tests="2" failures="1" timestamp="28 七月 2018 07:58:27 GMT" time="0.051" errors="0">
  <testcase name="test1" time="0.013" classname="com.selenium.testng.TestListenDemo"/>
  <testcase name="test2" time="0.002" classname="com.selenium.testng.TestListenDemo">
    <failure type="java.lang.AssertionError" message="failed">
      <![CDATA[java.lang.AssertionError: failed
at com.selenium.testng.TestListenDemo.test2(TestListenDemo.java:14)
... Removed 26 stack frames]]>
    </failure>
  </testcase> <!-- test2 -->
</testsuite> <!-- Test -->
